<?xml version="1.0" encoding="UTF-8"?>

<start>
    <program name="Test.pri" />

    <primitive src="stdlib.prm" name="StandardLibrary"/>
    <primitive src="intlessthan.pri" name="IntLessThan"/>
    <primitive src="doubleint.pri" name="DoubleInt"/>
    <primitive src="removetenpercentint.pri" name="RemoveTenPercentInt"/>
    <primitive src="waitfor.pri" name="WaitFor"/>
    <primitive src="printint.pri" name="PrintInt"/>

    <constant name="intconst1" value="2"/>
    <constant name="intconst2" value="1"/>
    <constant name="intconst3" value="3"/>
    <constant name="intconst4" value="1000"/>

    <variable name="iOutInt" type="integer"/>

    <sequence>Test</sequence>
</start>
